Using pre-set license
Built from '2021.3/staging' branch; Version is '2021.3.25f1 (68ef2c4f8861) revision 6876972'; Using compiler version '192829333'; Build Type 'Release'
OS: 'Windows 11  (10.0.22621) 64bit Core' Language: 'en' Physical Memory: 32523 MB
BatchMode: 1, IsHumanControllingUs: 0, StartBugReporterOnCrash: 0, Is64bit: 1, IsPro: 1

COMMAND LINE ARGUMENTS:
C:\Program Files\Unity\Hub\Editor\2021.3.25f1\Editor\Unity.exe
-adb2
-batchMode
-noUpm
-name
AssetImportWorker0
-projectPath
C:/Users/scott/Desktop/MULT 150/MULT150sam/SemEnsor_Hour3and4
-logFile
Logs/AssetImportWorker0.log
-srvPort
64397
Successfully changed project path to: C:/Users/scott/Desktop/MULT 150/MULT150sam/SemEnsor_Hour3and4
C:/Users/scott/Desktop/MULT 150/MULT150sam/SemEnsor_Hour3and4
[UnityMemory] Configuration Parameters - Can be set up in boot.config
    "memorysetup-bucket-allocator-granularity=16"
    "memorysetup-bucket-allocator-bucket-count=8"
    "memorysetup-bucket-allocator-block-size=33554432"
    "memorysetup-bucket-allocator-block-count=8"
    "memorysetup-main-allocator-block-size=16777216"
    "memorysetup-thread-allocator-block-size=16777216"
    "memorysetup-gfx-main-allocator-block-size=16777216"
    "memorysetup-gfx-thread-allocator-block-size=16777216"
    "memorysetup-cache-allocator-block-size=4194304"
    "memorysetup-typetree-allocator-block-size=2097152"
    "memorysetup-profiler-bucket-allocator-granularity=16"
    "memorysetup-profiler-bucket-allocator-bucket-count=8"
    "memorysetup-profiler-bucket-allocator-block-size=33554432"
    "memorysetup-profiler-bucket-allocator-block-count=8"
    "memorysetup-profiler-allocator-block-size=16777216"
    "memorysetup-profiler-editor-allocator-block-size=1048576"
    "memorysetup-temp-allocator-size-main=16777216"
    "memorysetup-job-temp-allocator-block-size=2097152"
    "memorysetup-job-temp-allocator-block-size-background=1048576"
    "memorysetup-job-temp-allocator-reduction-small-platforms=262144"
    "memorysetup-temp-allocator-size-background-worker=32768"
    "memorysetup-temp-allocator-size-job-worker=262144"
    "memorysetup-temp-allocator-size-preload-manager=33554432"
    "memorysetup-temp-allocator-size-nav-mesh-worker=65536"
    "memorysetup-temp-allocator-size-audio-worker=65536"
    "memorysetup-temp-allocator-size-cloud-worker=32768"
    "memorysetup-temp-allocator-size-gi-baking-worker=262144"
    "memorysetup-temp-allocator-size-gfx=262144"
Player connection [20448] Host "[IP] 192.168.1.158 [Port] 0 [Flags] 2 [Guid] 2013526417 [EditorId] 2013526417 [Version] 1048832 [Id] WindowsEditor(7,Sensor24) [Debug] 1 [PackageName] WindowsEditor [ProjectName] Editor" joined multi-casting on [225.0.0.222:54997]...

Player connection [20448] Host "[IP] 192.168.1.158 [Port] 0 [Flags] 2 [Guid] 2013526417 [EditorId] 2013526417 [Version] 1048832 [Id] WindowsEditor(7,Sensor24) [Debug] 1 [PackageName] WindowsEditor [ProjectName] Editor" joined alternative multi-casting on [225.0.0.222:34997]...

Refreshing native plugins compatible for Editor in 61.56 ms, found 3 plugins.
Preloading 0 native plugins for Editor in 0.00 ms.
Initialize engine version: 2021.3.25f1 (68ef2c4f8861)
[Subsystems] Discovering subsystems at path C:/Program Files/Unity/Hub/Editor/2021.3.25f1/Editor/Data/Resources/UnitySubsystems
[Subsystems] Discovering subsystems at path C:/Users/scott/Desktop/MULT 150/MULT150sam/SemEnsor_Hour3and4/Assets
GfxDevice: creating device client; threaded=0; jobified=0
Direct3D:
    Version:  Direct3D 11.0 [level 11.1]
    Renderer: NVIDIA GeForce GTX 1650 (ID=0x1f82)
    Vendor:   NVIDIA
    VRAM:     3950 MB
    Driver:   31.0.15.3770
Initialize mono
Mono path[0] = 'C:/Program Files/Unity/Hub/Editor/2021.3.25f1/Editor/Data/Managed'
Mono path[1] = 'C:/Program Files/Unity/Hub/Editor/2021.3.25f1/Editor/Data/MonoBleedingEdge/lib/mono/unityjit-win32'
Mono config path = 'C:/Program Files/Unity/Hub/Editor/2021.3.25f1/Editor/Data/MonoBleedingEdge/etc'
Using monoOptions --debugger-agent=transport=dt_socket,embedding=1,server=y,suspend=n,address=127.0.0.1:56596
Begin MonoManager ReloadAssembly
Registering precompiled unity dll's ...
Register platform support module: C:/Program Files/Unity/Hub/Editor/2021.3.25f1/Editor/Data/PlaybackEngines/WindowsStandaloneSupport/UnityEditor.WindowsStandalone.Extensions.dll
Registered in 0.004255 seconds.
Native extension for WindowsStandalone target not found
Refreshing native plugins compatible for Editor in 58.09 ms, found 3 plugins.
Preloading 0 native plugins for Editor in 0.00 ms.
Mono: successfully reloaded assembly
- Completed reload, in  0.593 seconds
Domain Reload Profiling:
	ReloadAssembly (593ms)
		BeginReloadAssembly (86ms)
			ExecutionOrderSort (0ms)
			DisableScriptedObjects (0ms)
			BackupInstance (0ms)
			ReleaseScriptingObjects (0ms)
			CreateAndSetChildDomain (1ms)
		EndReloadAssembly (409ms)
			LoadAssemblies (84ms)
			RebuildTransferFunctionScriptingTraits (0ms)
			SetupTypeCache (102ms)
			ReleaseScriptCaches (0ms)
			RebuildScriptCaches (23ms)
			SetupLoadedEditorAssemblies (239ms)
				LogAssemblyErrors (0ms)
				InitializePlatformSupportModulesInManaged (8ms)
				SetLoadedEditorAssemblies (0ms)
				RefreshPlugins (58ms)
				BeforeProcessingInitializeOnLoad (1ms)
				ProcessInitializeOnLoadAttributes (130ms)
				ProcessInitializeOnLoadMethodAttributes (42ms)
				AfterProcessingInitializeOnLoad (0ms)
				EditorAssembliesLoaded (0ms)
			ExecutionOrderSort2 (0ms)
			AwakeInstancesAfterBackupRestoration (0ms)
Platform modules already initialized, skipping
Registering precompiled user dll's ...
Registered in 0.004545 seconds.
Begin MonoManager ReloadAssembly
Symbol file LoadedFromMemory doesn't match image C:\Users\scott\Desktop\MULT 150\MULT150sam\SemEnsor_Hour3and4\Library\PackageCache\com.unity.visualscripting@1.8.0\Editor\VisualScripting.Core\Dependencies\YamlDotNet\Unity.VisualScripting.YamlDotNet.dll
Symbol file LoadedFromMemory doesn't match image C:\Users\scott\Desktop\MULT 150\MULT150sam\SemEnsor_Hour3and4\Library\PackageCache\com.unity.visualscripting@1.8.0\Editor\VisualScripting.Core\Dependencies\DotNetZip\Unity.VisualScripting.IonicZip.dll
Native extension for WindowsStandalone target not found
Refreshing native plugins compatible for Editor in 1.17 ms, found 3 plugins.
Preloading 0 native plugins for Editor in 0.00 ms.
Mono: successfully reloaded assembly
- Completed reload, in  1.154 seconds
Domain Reload Profiling:
	ReloadAssembly (1155ms)
		BeginReloadAssembly (123ms)
			ExecutionOrderSort (0ms)
			DisableScriptedObjects (5ms)
			BackupInstance (0ms)
			ReleaseScriptingObjects (0ms)
			CreateAndSetChildDomain (20ms)
		EndReloadAssembly (924ms)
			LoadAssemblies (90ms)
			RebuildTransferFunctionScriptingTraits (0ms)
			SetupTypeCache (375ms)
			ReleaseScriptCaches (1ms)
			RebuildScriptCaches (62ms)
			SetupLoadedEditorAssemblies (351ms)
				LogAssemblyErrors (0ms)
				InitializePlatformSupportModulesInManaged (7ms)
				SetLoadedEditorAssemblies (1ms)
				RefreshPlugins (1ms)
				BeforeProcessingInitializeOnLoad (82ms)
				ProcessInitializeOnLoadAttributes (230ms)
				ProcessInitializeOnLoadMethodAttributes (22ms)
				AfterProcessingInitializeOnLoad (7ms)
				EditorAssembliesLoaded (0ms)
			ExecutionOrderSort2 (0ms)
			AwakeInstancesAfterBackupRestoration (7ms)
Platform modules already initialized, skipping
========================================================================
Worker process is ready to serve import requests
Launched and connected shader compiler UnityShaderCompiler.exe after 0.03 seconds
Refreshing native plugins compatible for Editor in 0.52 ms, found 3 plugins.
Preloading 0 native plugins for Editor in 0.00 ms.
Unloading 3156 Unused Serialized files (Serialized files now loaded: 0)
Unloading 24 unused Assets / (415.3 KB). Loaded Objects now: 3644.
Memory consumption went from 141.5 MB to 141.1 MB.
Total: 2.493600 ms (FindLiveObjects: 0.212200 ms CreateObjectMapping: 0.115100 ms MarkObjects: 1.968500 ms  DeleteObjects: 0.197000 ms)

AssetImportParameters requested are different than current active one (requested -> active):
  custom:video-decoder-ogg-theora: a1e56fd34408186e4bbccfd4996cb3dc -> 
  custom:container-muxer-webm: aa71ff27fc2769a1b78a27578f13a17b -> 
  custom:container-demuxer-webm: 4f35f7cbe854078d1ac9338744f61a02 -> 
  custom:video-encoder-webm-vp8: eb34c28f22e8b96e1ab97ce403110664 -> 
  custom:audio-encoder-webm-vorbis: bf7c407c2cedff20999df2af8eb42d56 -> 
  custom:framework-win-MediaFoundation: 216162199b28c13a410421893ffa2e32 -> 
  custom:container-demuxer-ogg: 62fdf1f143b41e24485cea50d1cbac27 -> 
  custom:video-decoder-webm-vp8: 9c59270c3fd7afecdb556c50c9e8de78 -> 
  custom:audio-decoder-ogg-vorbis: bf7c407c2cedff20999df2af8eb42d56 -> 
========================================================================
Received Import Request.
  Time since last request: 170073.834346 seconds.
  path: Assets/Scenes/TIY4.unity
  artifactKey: Guid(7c1009775fa038848ab856e4c0d00f5b) Importer(815301076,1909f56bfc062723c751e8b465ee728b)
Start importing Assets/Scenes/TIY4.unity using Guid(7c1009775fa038848ab856e4c0d00f5b) Importer(815301076,1909f56bfc062723c751e8b465ee728b)  -> (artifact id: '52e632a4fe9b748133d78ffa8f10c639') in 0.016262 seconds 
========================================================================
Received Import Request.
  Time since last request: 22.834813 seconds.
  path: Assets/Scenes/SEnsor_Hour4.unity
  artifactKey: Guid(c4af427b484f2e04081be3007aba5f86) Importer(815301076,1909f56bfc062723c751e8b465ee728b)
Start importing Assets/Scenes/SEnsor_Hour4.unity using Guid(c4af427b484f2e04081be3007aba5f86) Importer(815301076,1909f56bfc062723c751e8b465ee728b)  -> (artifact id: '6014d96eb502725b7acebe33c7d7ab81') in 0.011333 seconds 
========================================================================
Received Import Request.
  Time since last request: 999.769154 seconds.
  path: Assets/Standard Assets/PhysicsMaterials/Bouncy.physicmaterial
  artifactKey: Guid(9f93f63d068b08c459038c40fce897d8) Importer(815301076,1909f56bfc062723c751e8b465ee728b)
Start importing Assets/Standard Assets/PhysicsMaterials/Bouncy.physicmaterial using Guid(9f93f63d068b08c459038c40fce897d8) Importer(815301076,1909f56bfc062723c751e8b465ee728b)  -> (artifact id: '942bb6c7e505bc0b8f3e31d1b4e388c4') in 0.051900 seconds 
========================================================================
Received Import Request.
  Time since last request: 0.000026 seconds.
  path: Assets/Standard Assets/PhysicsMaterials/Rubber.physicmaterial
  artifactKey: Guid(52baaeb214519f347a35cf0edfd262ff) Importer(815301076,1909f56bfc062723c751e8b465ee728b)
Start importing Assets/Standard Assets/PhysicsMaterials/Rubber.physicmaterial using Guid(52baaeb214519f347a35cf0edfd262ff) Importer(815301076,1909f56bfc062723c751e8b465ee728b)  -> (artifact id: 'f20a9f09f035d5337db01e4553e457fc') in 0.019635 seconds 
========================================================================
Received Import Request.
  Time since last request: 0.000023 seconds.
  path: Assets/Standard Assets/PhysicsMaterials/ZeroFriction.physicMaterial
  artifactKey: Guid(c2815a7ab32e42c4bb42f59caacb8ec1) Importer(815301076,1909f56bfc062723c751e8b465ee728b)
Start importing Assets/Standard Assets/PhysicsMaterials/ZeroFriction.physicMaterial using Guid(c2815a7ab32e42c4bb42f59caacb8ec1) Importer(815301076,1909f56bfc062723c751e8b465ee728b)  -> (artifact id: 'a49c0c01915b43e4335e4d318a77edf9') in 0.018507 seconds 
========================================================================
Received Import Request.
  Time since last request: 0.000018 seconds.
  path: Assets/Standard Assets/PhysicsMaterials/Metal.physicmaterial
  artifactKey: Guid(01571ba68fb2dad46aa03094ab219579) Importer(815301076,1909f56bfc062723c751e8b465ee728b)
Start importing Assets/Standard Assets/PhysicsMaterials/Metal.physicmaterial using Guid(01571ba68fb2dad46aa03094ab219579) Importer(815301076,1909f56bfc062723c751e8b465ee728b)  -> (artifact id: '0e1380f32211bed9c7dfca04f25fe19b') in 0.015159 seconds 
========================================================================
Received Import Request.
  Time since last request: 7.805920 seconds.
  path: Assets/New Terrain 2.asset
  artifactKey: Guid(1957d16f9e0f0f54b91a3d84164e2db2) Importer(815301076,1909f56bfc062723c751e8b465ee728b)
Start importing Assets/New Terrain 2.asset using Guid(1957d16f9e0f0f54b91a3d84164e2db2) Importer(815301076,1909f56bfc062723c751e8b465ee728b)  -> (artifact id: '7bd54ae168ca74434cac8288bb50440b') in 0.016868 seconds 
========================================================================
Received Import Request.
  Time since last request: 80.815455 seconds.
  path: Assets/PBRVelociraptor/Prefabs/PBR/15K/PBR_Velociraptor_Sand_Female.prefab
  artifactKey: Guid(a6e428d25621838498eed77023033d4b) Importer(815301076,1909f56bfc062723c751e8b465ee728b)
Start importing Assets/PBRVelociraptor/Prefabs/PBR/15K/PBR_Velociraptor_Sand_Female.prefab using Guid(a6e428d25621838498eed77023033d4b) Importer(815301076,1909f56bfc062723c751e8b465ee728b)  -> (artifact id: '1de32f6bf88edd2df37c9c848a50ffcb') in 0.749014 seconds 
========================================================================
Received Import Request.
  Time since last request: 0.000022 seconds.
  path: Assets/PBRVelociraptor/Prefabs/PBR/LODG/Raptor_Animated_LODG_SandFemale.prefab
  artifactKey: Guid(04a1884dd990f754eb9cdacecd1738ff) Importer(815301076,1909f56bfc062723c751e8b465ee728b)
Start importing Assets/PBRVelociraptor/Prefabs/PBR/LODG/Raptor_Animated_LODG_SandFemale.prefab using Guid(04a1884dd990f754eb9cdacecd1738ff) Importer(815301076,1909f56bfc062723c751e8b465ee728b)  -> (artifact id: '883e0c34aa5568d17b0691284e20b90d') in 0.057898 seconds 
========================================================================
Received Import Request.
  Time since last request: 0.000026 seconds.
  path: Assets/PBRVelociraptor/Prefabs/Mobile/5K/Raptor_Animated_FBX_5K_SandFemale.prefab
  artifactKey: Guid(48a08f2754b114842976248eb19cc380) Importer(815301076,1909f56bfc062723c751e8b465ee728b)
Start importing Assets/PBRVelociraptor/Prefabs/Mobile/5K/Raptor_Animated_FBX_5K_SandFemale.prefab using Guid(48a08f2754b114842976248eb19cc380) Importer(815301076,1909f56bfc062723c751e8b465ee728b)  -> (artifact id: 'aeeff006e2a6cbeaf05b095df2b5dd37') in 0.139945 seconds 
========================================================================
Received Import Request.
  Time since last request: 1266.817458 seconds.
  path: Assets/Scenes/SEnsor_Hour4.unity
  artifactKey: Guid(c4af427b484f2e04081be3007aba5f86) Importer(815301076,1909f56bfc062723c751e8b465ee728b)
Start importing Assets/Scenes/SEnsor_Hour4.unity using Guid(c4af427b484f2e04081be3007aba5f86) Importer(815301076,1909f56bfc062723c751e8b465ee728b)  -> (artifact id: 'eb986b857a3d35b932625ea48c82b249') in 0.004201 seconds 
